c:\users\pipo\documents\github\sokoban\sokoban\sokoban\x64\debug\vc142.pdb
c:\users\pipo\documents\github\sokoban\sokoban\sokoban\x64\debug\vc142.idb
c:\users\pipo\documents\github\sokoban\sokoban\sokoban\x64\debug\ventana.obj
c:\users\pipo\documents\github\sokoban\sokoban\sokoban\x64\debug\tablero.obj
c:\users\pipo\documents\github\sokoban\sokoban\sokoban\x64\debug\sprite.obj
c:\users\pipo\documents\github\sokoban\sokoban\sokoban\x64\debug\nodolateral.obj
c:\users\pipo\documents\github\sokoban\sokoban\sokoban\x64\debug\nodofila.obj
c:\users\pipo\documents\github\sokoban\sokoban\sokoban\x64\debug\nodocolumna.obj
c:\users\pipo\documents\github\sokoban\sokoban\sokoban\x64\debug\nodocentral.obj
c:\users\pipo\documents\github\sokoban\sokoban\sokoban\x64\debug\nodocabecera.obj
c:\users\pipo\documents\github\sokoban\sokoban\sokoban\x64\debug\main.obj
c:\users\pipo\documents\github\sokoban\sokoban\sokoban\x64\debug\lateral.obj
c:\users\pipo\documents\github\sokoban\sokoban\sokoban\x64\debug\jugar.obj
c:\users\pipo\documents\github\sokoban\sokoban\sokoban\x64\debug\cargar.obj
c:\users\pipo\documents\github\sokoban\sokoban\sokoban\x64\debug\cabecera.obj
c:\users\pipo\documents\github\sokoban\sokoban\sokoban\x64\debug\areajuego.obj
c:\users\pipo\documents\github\sokoban\sokoban\sokoban\x64\debug\appcontext.obj
c:\users\pipo\documents\github\sokoban\sokoban\sokoban\x64\debug\acercade.obj
c:\users\pipo\documents\github\sokoban\sokoban\x64\debug\sokoban.exe
c:\users\pipo\documents\github\sokoban\sokoban\x64\debug\sokoban.ilk
c:\users\pipo\documents\github\sokoban\sokoban\x64\debug\sokoban.pdb
c:\users\pipo\documents\github\sokoban\sokoban\sokoban\x64\debug\nodofila.obj.enc
c:\users\pipo\documents\github\sokoban\sokoban\sokoban\x64\debug\tablero.obj.enc
c:\users\pipo\documents\github\sokoban\sokoban\sokoban\x64\debug\sokoban.tlog\cl.command.1.tlog
c:\users\pipo\documents\github\sokoban\sokoban\sokoban\x64\debug\sokoban.tlog\cl.read.1.tlog
c:\users\pipo\documents\github\sokoban\sokoban\sokoban\x64\debug\sokoban.tlog\cl.write.1.tlog
c:\users\pipo\documents\github\sokoban\sokoban\sokoban\x64\debug\sokoban.tlog\link.command.1.tlog
c:\users\pipo\documents\github\sokoban\sokoban\sokoban\x64\debug\sokoban.tlog\link.read.1.tlog
c:\users\pipo\documents\github\sokoban\sokoban\sokoban\x64\debug\sokoban.tlog\link.write.1.tlog
